<?xml version="1.0" encoding="UTF-8"?>
<!-- Generated by org.testng.reporters.JUnitReportReporter -->
<testsuite hostname="AmolShah-PC" name="automation.rtMediaSiteTest" tests="7" failures="0" timestamp="4 Dec 2014 07:34:16 GMT" time="143.448" errors="0">
  <testcase name="Login" time="17.591" classname="automation.rtMediaSiteTest"/>
  <testcase name="UploadImageUrl" time="23.384" classname="automation.rtMediaSiteTest"/>
  <testcase name="PostMediaPrivacy" time="12.666" classname="automation.rtMediaSiteTest"/>
  <testcase name="uploadimage" time="30.168" classname="automation.rtMediaSiteTest"/>
  <testcase name="FaultyLogin" time="23.822" classname="automation.rtMediaSiteTest"/>
  <testcase name="AlreadyRegistered" time="17.808" classname="automation.rtMediaSiteTest"/>
  <testcase name="verifyHomepageTitle" time="18.009" classname="automation.rtMediaSiteTest"/>
</testsuite> <!-- automation.rtMediaSiteTest -->
